Welcome to GEM-indexer_fasta2meta+cont build 1.768 (beta) - (2013-07-02 12:06:49 GMT)
 (c) 2008-2013 Paolo Ribeca <paolo.ribeca@gmail.com>
 (c) 2010-2013 Santiago Marco Sola <santiagomsola@gmail.com>
 (c) 2010-2013 Leonor Frias Moya <leonor.frias@gmail.com>
For the terms of use, run the program with the option --show-license.
************************************************************************
* WARNING: this is a beta version, provided for testing purposes only; *
*          check for updates at <http://gemlibrary.sourceforge.net>.   *
************************************************************************
-------gem-indexer_bwt-dna
Welcome to GEM-indexer_bwt-dna build 1.761 (beta) - (2013-07-02 12:06:49 GMT)
 (c) 2008-2013 Paolo Ribeca <paolo.ribeca@gmail.com>
 (c) 2010-2013 Santiago Marco Sola <santiagomsola@gmail.com>
 (c) 2010-2013 Leonor Frias Moya <leonor.frias@gmail.com>
For the terms of use, run the program with the option --show-license.
************************************************************************
* WARNING: this is a beta version, provided for testing purposes only; *
*          check for updates at <http://gemlibrary.sourceforge.net>.   *
************************************************************************
-------gem-indexer_generate
Welcome to GEM-indexer_generate build 1.763 (beta) - (2013-07-02 12:06:49 GMT)
 (c) 2008-2013 Paolo Ribeca <paolo.ribeca@gmail.com>
 (c) 2010-2013 Santiago Marco Sola <santiagomsola@gmail.com>
 (c) 2010-2013 Leonor Frias Moya <leonor.frias@gmail.com>
For the terms of use, run the program with the option --show-license.
************************************************************************
* WARNING: this is a beta version, provided for testing purposes only; *
*          check for updates at <http://gemlibrary.sourceforge.net>.   *
************************************************************************
Thu Dec  7 16:55:42 2017 -- Binary encoding of sequence finished
Thu Dec  7 16:55:42 2017 -- Binary encoding of BWT finished
-------rm -f
